<?xml version="1.0" encoding="UTF-8"?>
<!-- Generated by org.testng.reporters.JUnitXMLReporter -->
<testsuite hostname="LAPTOP-4OEMENP0" ignored="0" name="Default test" tests="5" failures="0" timestamp="02 Jun 2019 16:48:15 GMT" time="41.965" errors="0">
  <testcase name="shoppingCartTest" time="2.438" classname="FrameWork.TestNG.Practice2"/>
  <testcase name="loginScenario1" time="3.376" classname="FrameWork.TestNG.Practice2"/>
  <testcase name="loginScenario2" time="3.439" classname="FrameWork.TestNG.Practice2"/>
  <testcase name="loginScenario3" time="3.335" classname="FrameWork.TestNG.Practice2"/>
  <testcase name="loginScenario4" time="3.285" classname="FrameWork.TestNG.Practice2"/>
</testsuite> <!-- Default test -->
